05-Dec-22 19:02:12: root - INFO - MEASUREMENT EEG ID: beffd56c-c915-48f5-930d-4c1feee0fcc4
05-Dec-22 19:02:12: root - INFO - COMMAND ID: beffd56c-c915-48f5-930d-4c1feee0fcca
05-Dec-22 19:02:12: root - INFO - START CMD: M
05-Dec-22 19:02:12: root - INFO - STOP CMD: S
05-Dec-22 19:02:17: root - INFO - [BLE]: One IGEB device found, assinging address 12583D13-4DC9-C518-0885-A207A59B6693
05-Dec-22 19:02:17: root - INFO - [BLE]: Address is 12583D13-4DC9-C518-0885-A207A59B6693
05-Dec-22 19:02:17: root - INFO - [BLE]: .............................................
05-Dec-22 19:02:17: root - INFO - [BLE]: Connecting to 12583D13-4DC9-C518-0885-A207A59B6693
05-Dec-22 19:02:20: root - INFO - [CLIENT]: Start recording
05-Dec-22 19:02:20: root - INFO - [BLE]: Getting impedance measurement
05-Dec-22 19:02:20: root - INFO - [BLE]: Impedance display time: 5 seconds
05-Dec-22 19:02:22: root - INFO - [BLE]: Device connected
05-Dec-22 19:02:22: root - INFO - [BLE]: Starting impedance measurement
05-Dec-22 19:02:23: root - INFO - [BLE]: Subscribed to impedance measurement
05-Dec-22 19:02:24: root - INFO - [BLE]: Sending start impedance command
05-Dec-22 19:02:25: root - INFO - [BLE]: Displaying impedance measurement
05-Dec-22 19:02:30: root - INFO - [BLE]: Stopping impedance measurement
05-Dec-22 19:02:30: root - INFO - [BLE]: Disconnecting from device
05-Dec-22 19:02:36: root - INFO - [CLIENT]: Disconnect BLE and close websocket connection
05-Dec-22 19:02:47: root - INFO - [CLIENT]: Recording timer set to: 125 seconds
05-Dec-22 19:02:47: root - INFO - [CLIENT]: Start recording
05-Dec-22 19:02:47: root - INFO - [CLIENT] Recording ID: 52d79a12-ef57-43f0-a15e-7bc3b6bf6e91
05-Dec-22 19:02:47: root - INFO - [CLIENT] Experiment description: winking
05-Dec-22 19:02:48: root - INFO - [BLE]: Searching for MAC address
05-Dec-22 19:02:49: root - INFO - [BLE] Device ID (based on MAC address is): F3-EB-85-A3-EB-B3
05-Dec-22 19:02:49: root - INFO - [BLE]: Firmware version: v1.0.1
05-Dec-22 19:02:49: root - INFO - [API]: Connecting to WS API...
05-Dec-22 19:02:49: root - INFO - [BLE]: Trying to connect to 12583D13-4DC9-C518-0885-A207A59B6693.....
05-Dec-22 19:02:49: root - INFO - [API]: Connected to websocket resource url: wss://f1bfprt7h1.execute-api.eu-central-1.amazonaws.com/v1
05-Dec-22 19:02:49: root - INFO - [API]: Sending data to the cloud
05-Dec-22 19:02:50: root - INFO - [BLE]: Connecting to 12583D13-4DC9-C518-0885-A207A59B6693
05-Dec-22 19:02:50: root - INFO - [BLE]: Connected to 12583D13-4DC9-C518-0885-A207A59B6693
05-Dec-22 19:02:50: root - INFO - [BLE]: Device Connected
05-Dec-22 19:02:50: root - INFO - [BLE]: Sending start commands
05-Dec-22 19:02:50: root - INFO - [BLE]: Subscribing to EEG notifications
05-Dec-22 19:02:51: root - INFO - [BLE]: Subscribing to Battery notifications
05-Dec-22 19:02:53: root - INFO - [BLE]: Recording successfully started
05-Dec-22 19:02:54: root - INFO - [API]: First package sent
05-Dec-22 19:02:54: root - INFO - [API]: data_model.stop = False
05-Dec-22 19:02:54: root - INFO - [API]: data_model.deviceID = F3-EB-85-A3-EB-B3
05-Dec-22 19:02:54: root - INFO - [API]: data_model.recordingID = 52d79a12-ef57-43f0-a15e-7bc3b6bf6e91
05-Dec-22 19:02:54: root - INFO - [API]: First package receipt: {"EncryptionType":"KMS","SequenceNumber":"49635116068233745658168629477018059538430062664806825986","ShardId":"shardId-000000000000"}
05-Dec-22 19:03:49: root - INFO - [BLE]: Battery level: 95%
05-Dec-22 19:04:49: root - INFO - [BLE]: Battery level: 95%
05-Dec-22 19:04:59: root - INFO - [BLE]: Recording stopped, time reached : 125.14
05-Dec-22 19:04:59: root - INFO - [BLE]: Time out reached
05-Dec-22 19:05:00: root - INFO - [BLE]: Stop command loaded into queue
05-Dec-22 19:05:00: root - INFO - [BLE]: Giving time for API to send last data
05-Dec-22 19:05:00: root - INFO - [API]: Last package sent
05-Dec-22 19:05:00: root - INFO - [API]: data_model.stop = True
05-Dec-22 19:05:00: root - INFO - [API]: data_model.deviceID = F3-EB-85-A3-EB-B3
05-Dec-22 19:05:00: root - INFO - [API]: data_model.recordingID = 52d79a12-ef57-43f0-a15e-7bc3b6bf6e91
05-Dec-22 19:05:00: root - INFO - [API]: Last package receipt: {"EncryptionType":"KMS","SequenceNumber":"49635116068233745658168629534113208147189777917764698114","ShardId":"shardId-000000000000"}
05-Dec-22 19:05:00: root - INFO - [API]: Cloud connection sucesfully terminated
05-Dec-22 19:05:00: root - INFO - [API]: Breaking inner loop of API client
05-Dec-22 19:05:00: root - INFO - [API]: Breakin API client while loop
05-Dec-22 19:05:00: root - INFO - [API]: -----------  API client is COMPLETED ----------- 
05-Dec-22 19:05:06: root - INFO - [BLE]: Sending stop command to device
05-Dec-22 19:05:07: root - INFO - [BLE]: Sending disconnect command to device
05-Dec-22 19:05:10: root - INFO - [BLE]: Callback function recognised a disconnection.
05-Dec-22 19:05:13: root - INFO - [BLE]: Recording successfully stopped
05-Dec-22 19:05:13: root - INFO - [BLE]: Ensuring device is disconnected
05-Dec-22 19:05:19: root - INFO - [BLE]: -----------  BLE client is COMPLETED ----------- 
05-Dec-22 19:05:19: root - INFO - [CLIENT]: -----------  All tasks are COMPLETED -----------
