06-Dec-22 19:27:18: root - INFO - MEASUREMENT EEG ID: beffd56c-c915-48f5-930d-4c1feee0fcc4
06-Dec-22 19:27:18: root - INFO - COMMAND ID: beffd56c-c915-48f5-930d-4c1feee0fcca
06-Dec-22 19:27:18: root - INFO - START CMD: M
06-Dec-22 19:27:18: root - INFO - STOP CMD: S
06-Dec-22 19:27:23: root - INFO - [BLE]: One IGEB device found, assinging address 76DC5078-EBBB-C40A-F1B6-BC656E6DE597
06-Dec-22 19:27:23: root - INFO - [BLE]: Address is 76DC5078-EBBB-C40A-F1B6-BC656E6DE597
06-Dec-22 19:27:23: root - INFO - [BLE]: .............................................
06-Dec-22 19:27:23: root - INFO - [BLE]: Connecting to 76DC5078-EBBB-C40A-F1B6-BC656E6DE597
06-Dec-22 19:27:26: root - INFO - [CLIENT]: Start recording
06-Dec-22 19:27:26: root - INFO - [BLE]: Getting impedance measurement
06-Dec-22 19:27:26: root - INFO - [BLE]: Impedance display time: 5 seconds
06-Dec-22 19:27:27: root - INFO - [BLE]: Device connected
06-Dec-22 19:27:27: root - INFO - [BLE]: Starting impedance measurement
06-Dec-22 19:27:28: root - INFO - [BLE]: Subscribed to impedance measurement
06-Dec-22 19:27:29: root - INFO - [BLE]: Sending start impedance command
06-Dec-22 19:27:30: root - INFO - [BLE]: Displaying impedance measurement
06-Dec-22 19:27:35: root - INFO - [BLE]: Stopping impedance measurement
06-Dec-22 19:27:35: root - INFO - [BLE]: Disconnecting from device
06-Dec-22 19:27:41: root - INFO - [CLIENT]: Disconnect BLE and close websocket connection
06-Dec-22 19:27:53: root - INFO - [CLIENT]: Recording timer set to: 125 seconds
06-Dec-22 19:27:53: root - INFO - [CLIENT]: Start recording
06-Dec-22 19:27:53: root - INFO - [CLIENT] Recording ID: 6e74b27b-2cfa-4642-b6af-fd146ffdf943
06-Dec-22 19:27:53: root - INFO - [CLIENT] Experiment description: winking
06-Dec-22 19:27:55: root - INFO - [BLE]: Searching for MAC address
06-Dec-22 19:27:56: root - INFO - [BLE] Device ID (based on MAC address is): D4-32-62-7C-C6-7F
06-Dec-22 19:27:56: root - INFO - [BLE]: Firmware version: v1.0.1
06-Dec-22 19:27:56: root - INFO - [BLE]: Trying to connect to 76DC5078-EBBB-C40A-F1B6-BC656E6DE597.....
06-Dec-22 19:27:56: root - INFO - [API]: Connecting to WS API...
06-Dec-22 19:27:57: root - INFO - [API]: Connected to websocket resource url: wss://f1bfprt7h1.execute-api.eu-central-1.amazonaws.com/v1
06-Dec-22 19:27:57: root - INFO - [API]: Sending data to the cloud
06-Dec-22 19:27:58: root - INFO - [BLE]: Connecting to 76DC5078-EBBB-C40A-F1B6-BC656E6DE597
06-Dec-22 19:27:59: root - INFO - [BLE]: Connected to 76DC5078-EBBB-C40A-F1B6-BC656E6DE597
06-Dec-22 19:27:59: root - INFO - [BLE]: Device Connected
06-Dec-22 19:27:59: root - INFO - [BLE]: Sending start commands
06-Dec-22 19:27:59: root - INFO - [BLE]: Subscribing to EEG notifications
06-Dec-22 19:28:00: root - INFO - [BLE]: Subscribing to Battery notifications
06-Dec-22 19:28:02: root - INFO - [BLE]: Recording successfully started
06-Dec-22 19:28:02: root - INFO - [API]: First package sent
06-Dec-22 19:28:02: root - INFO - [API]: data_model.stop = False
06-Dec-22 19:28:02: root - INFO - [API]: data_model.deviceID = D4-32-62-7C-C6-7F
06-Dec-22 19:28:02: root - INFO - [API]: data_model.recordingID = 6e74b27b-2cfa-4642-b6af-fd146ffdf943
06-Dec-22 19:28:02: root - INFO - [API]: First package receipt: {"EncryptionType":"KMS","SequenceNumber":"49635116068233745658168662760817972383996757791758876674","ShardId":"shardId-000000000000"}
06-Dec-22 19:28:57: root - INFO - [BLE]: Battery level: 98%
06-Dec-22 19:29:57: root - INFO - [BLE]: Battery level: 98%
06-Dec-22 19:30:07: root - INFO - [BLE]: Recording stopped, time reached : 125.14
06-Dec-22 19:30:07: root - INFO - [BLE]: Time out reached
06-Dec-22 19:30:08: root - INFO - [BLE]: Stop command loaded into queue
06-Dec-22 19:30:08: root - INFO - [BLE]: Giving time for API to send last data
06-Dec-22 19:30:08: root - INFO - [API]: Last package sent
06-Dec-22 19:30:08: root - INFO - [API]: data_model.stop = True
06-Dec-22 19:30:08: root - INFO - [API]: data_model.deviceID = D4-32-62-7C-C6-7F
06-Dec-22 19:30:08: root - INFO - [API]: data_model.recordingID = 6e74b27b-2cfa-4642-b6af-fd146ffdf943
06-Dec-22 19:30:08: root - INFO - [API]: Last package receipt: {"EncryptionType":"KMS","SequenceNumber":"49635116068233745658168662816556706223148859110696419330","ShardId":"shardId-000000000000"}
06-Dec-22 19:30:08: root - INFO - [API]: Cloud connection sucesfully terminated
06-Dec-22 19:30:08: root - INFO - [API]: Breaking inner loop of API client
06-Dec-22 19:30:08: root - INFO - [API]: Breakin API client while loop
06-Dec-22 19:30:08: root - INFO - [API]: -----------  API client is COMPLETED -----------
06-Dec-22 19:30:14: root - INFO - [BLE]: Sending stop command to device
06-Dec-22 19:30:15: root - INFO - [BLE]: Sending disconnect command to device
06-Dec-22 19:30:18: root - INFO - [BLE]: Callback function recognised a disconnection.
06-Dec-22 19:30:21: root - INFO - [BLE]: Recording successfully stopped
06-Dec-22 19:30:21: root - INFO - [BLE]: Ensuring device is disconnected
06-Dec-22 19:30:27: root - INFO - [BLE]: -----------  BLE client is COMPLETED -----------
06-Dec-22 19:30:27: root - INFO - [CLIENT]: -----------  All tasks are COMPLETED -----------
