2022-12-07 10:10:23,964 Connecting to workspace
2022-12-07 10:10:23,965 Found the config file in: /home/idun/notebooks/idun_Code/idn-auto-ml-pipeline/config.json
2022-12-07 10:10:24,810 The workspace name is: IDUNAutoML_eval
2022-12-07 10:10:24,810 The compute cluster name is: idun2
2022-12-07 10:10:24,810 The compute cluster vm size is: STANDARD_DS12_V2
2022-12-07 10:10:24,810 The compute cluster min nodes is: 0
2022-12-07 10:10:24,810 The compute cluster max nodes is: 4
2022-12-07 10:10:26,619 Using existing compute:
2022-12-07 10:10:26,619 idun2
2022-12-07 10:10:32,256 The dataset name is: winking-dataset
2022-12-07 10:10:32,262 The selected metrics are:     mean_14    var_14   mean_48  ...  lowpassed_peak_to_peak_y  lowpassed_peak_to_peak_x  classes
0 -0.035158  5.886280 -0.018303  ...                 40.757085                     867.0      1.0
1  0.061206  6.202753 -0.002405  ...                 36.233223                     600.0      1.0
2  0.009207  5.714070  0.017952  ...                 25.503162                     301.0      1.0
3  0.000337  7.990995  0.034566  ...                 40.892528                     551.0      1.0
4 -0.172789  8.903310 -0.028020  ...                 34.052615                     136.0      1.0

[5 rows x 21 columns]
2022-12-07 10:10:32,319 <azureml.core.authentication.InteractiveLoginAuthentication object at 0x7fa22bc78bb0>
2022-12-07 10:10:36,407 The dataset name is: winking-dataset
2022-12-07 10:10:36,407 The dataset version is: 1
2022-12-07 10:10:36,409 The dataset id is: 4952e78f-338f-4827-9bbb-4b9697a96d83
2022-12-07 10:10:36,420 Created a worker pool for first use
2022-12-07 10:14:05,132 Connecting to workspace
2022-12-07 10:14:05,134 Found the config file in: /home/idun/notebooks/idun_Code/idn-auto-ml-pipeline/config.json
2022-12-07 10:14:05,804 The workspace name is: IDUNAutoML_eval
2022-12-07 10:14:05,804 The compute cluster name is: idun2
2022-12-07 10:14:05,804 The compute cluster vm size is: STANDARD_DS12_V2
2022-12-07 10:14:05,804 The compute cluster min nodes is: 0
2022-12-07 10:14:05,804 The compute cluster max nodes is: 4
2022-12-07 10:14:06,327 Using existing compute:
2022-12-07 10:14:06,328 idun2
2022-12-07 10:14:11,783 The dataset name is: winking-dataset
2022-12-07 10:14:11,791 The selected metrics are:     mean_14    var_14   mean_48  ...  lowpassed_peak_to_peak_y  lowpassed_peak_to_peak_x  classes
0 -0.035158  5.886280 -0.018303  ...                 40.757085                     867.0        1
1  0.061206  6.202753 -0.002405  ...                 36.233223                     600.0        1
2  0.009207  5.714070  0.017952  ...                 25.503162                     301.0        1
3  0.000337  7.990995  0.034566  ...                 40.892528                     551.0        1
4 -0.172789  8.903310 -0.028020  ...                 34.052615                     136.0        1

[5 rows x 21 columns]
2022-12-07 10:14:11,843 <azureml.core.authentication.InteractiveLoginAuthentication object at 0x7f1a968f7c10>
2022-12-07 10:14:15,946 The dataset name is: winking-dataset
2022-12-07 10:14:15,947 The dataset version is: 2
2022-12-07 10:14:15,948 The dataset id is: 034dcb24-dd6e-4a66-a384-eff1d5836287
2022-12-07 10:14:15,960 Created a worker pool for first use
2022-12-07 10:14:19,872 Data uploaded and models are being trained ...
2022-12-07 10:30:27,334 Storing run info ...
2022-12-07 10:30:27,344 Training completed
