05-Dec-22 19:14:16: root - INFO - MEASUREMENT EEG ID: beffd56c-c915-48f5-930d-4c1feee0fcc4
05-Dec-22 19:14:16: root - INFO - COMMAND ID: beffd56c-c915-48f5-930d-4c1feee0fcca
05-Dec-22 19:14:16: root - INFO - START CMD: M
05-Dec-22 19:14:16: root - INFO - STOP CMD: S
05-Dec-22 19:14:21: root - INFO - [BLE]: One IGEB device found, assinging address 8A512035-E69D-A224-1DB1-8EE5A52611E4
05-Dec-22 19:14:21: root - INFO - [BLE]: Address is 8A512035-E69D-A224-1DB1-8EE5A52611E4
05-Dec-22 19:14:21: root - INFO - [BLE]: .............................................
05-Dec-22 19:14:21: root - INFO - [BLE]: Connecting to 8A512035-E69D-A224-1DB1-8EE5A52611E4
05-Dec-22 19:14:26: root - INFO - [CLIENT]: Start recording
05-Dec-22 19:14:26: root - INFO - [BLE]: Getting impedance measurement
05-Dec-22 19:14:26: root - INFO - [BLE]: Impedance display time: 5 seconds
05-Dec-22 19:14:27: root - INFO - [BLE]: Device connected
05-Dec-22 19:14:27: root - INFO - [BLE]: Starting impedance measurement
05-Dec-22 19:14:28: root - INFO - [BLE]: Subscribed to impedance measurement
05-Dec-22 19:14:29: root - INFO - [BLE]: Sending start impedance command
05-Dec-22 19:14:30: root - INFO - [BLE]: Displaying impedance measurement
05-Dec-22 19:14:35: root - INFO - [BLE]: Stopping impedance measurement
05-Dec-22 19:14:35: root - INFO - [BLE]: Disconnecting from device
05-Dec-22 19:14:41: root - INFO - [CLIENT]: Disconnect BLE and close websocket connection
05-Dec-22 19:14:56: root - INFO - [CLIENT]: Recording timer set to: 125 seconds
05-Dec-22 19:14:56: root - INFO - [CLIENT]: Start recording
05-Dec-22 19:14:56: root - INFO - [CLIENT] Recording ID: 422ad1ef-0095-49ba-96fb-fcd2580adb45
05-Dec-22 19:14:56: root - INFO - [CLIENT] Experiment description: winking
05-Dec-22 19:14:58: root - INFO - [BLE]: Searching for MAC address
05-Dec-22 19:14:59: root - INFO - [BLE] Device ID (based on MAC address is): C4-D6-AF-AA-11-0D
05-Dec-22 19:14:59: root - INFO - [BLE]: Firmware version: v1.0.1
05-Dec-22 19:14:59: root - INFO - [API]: Connecting to WS API...
05-Dec-22 19:14:59: root - INFO - [BLE]: Trying to connect to 8A512035-E69D-A224-1DB1-8EE5A52611E4.....
05-Dec-22 19:14:59: root - INFO - [API]: Connected to websocket resource url: wss://f1bfprt7h1.execute-api.eu-central-1.amazonaws.com/v1
05-Dec-22 19:14:59: root - INFO - [API]: Sending data to the cloud
05-Dec-22 19:15:00: root - INFO - [BLE]: Connecting to 8A512035-E69D-A224-1DB1-8EE5A52611E4
05-Dec-22 19:15:01: root - INFO - [BLE]: Connected to 8A512035-E69D-A224-1DB1-8EE5A52611E4
05-Dec-22 19:15:01: root - INFO - [BLE]: Device Connected
05-Dec-22 19:15:01: root - INFO - [BLE]: Sending start commands
05-Dec-22 19:15:01: root - INFO - [BLE]: Subscribing to EEG notifications
05-Dec-22 19:15:02: root - INFO - [BLE]: Subscribing to Battery notifications
05-Dec-22 19:15:04: root - INFO - [BLE]: Recording successfully started
05-Dec-22 19:15:04: root - INFO - [API]: First package sent
05-Dec-22 19:15:04: root - INFO - [API]: data_model.stop = False
05-Dec-22 19:15:04: root - INFO - [API]: data_model.deviceID = C4-D6-AF-AA-11-0D
05-Dec-22 19:15:04: root - INFO - [API]: data_model.recordingID = 422ad1ef-0095-49ba-96fb-fcd2580adb45
05-Dec-22 19:15:04: root - INFO - [API]: First package receipt: {"EncryptionType":"KMS","SequenceNumber":"49635116068233745658168629803463089683148814246758842370","ShardId":"shardId-000000000000"}
05-Dec-22 19:15:59: root - INFO - [BLE]: Battery level: 91%
05-Dec-22 19:17:00: root - INFO - [BLE]: Battery level: 91%
05-Dec-22 19:17:09: root - INFO - [BLE]: Recording stopped, time reached : 125.14
05-Dec-22 19:17:09: root - INFO - [BLE]: Time out reached
05-Dec-22 19:17:10: root - INFO - [BLE]: Stop command loaded into queue
05-Dec-22 19:17:10: root - INFO - [BLE]: Giving time for API to send last data
05-Dec-22 19:17:10: root - INFO - [API]: Last package sent
05-Dec-22 19:17:10: root - INFO - [API]: data_model.stop = True
05-Dec-22 19:17:10: root - INFO - [API]: data_model.deviceID = C4-D6-AF-AA-11-0D
05-Dec-22 19:17:10: root - INFO - [API]: data_model.recordingID = 422ad1ef-0095-49ba-96fb-fcd2580adb45
05-Dec-22 19:17:10: root - INFO - [API]: Last package receipt: {"EncryptionType":"KMS","SequenceNumber":"49635116068233745658168629861793760479554680584985903106","ShardId":"shardId-000000000000"}
05-Dec-22 19:17:10: root - INFO - [API]: Cloud connection sucesfully terminated
05-Dec-22 19:17:10: root - INFO - [API]: Breaking inner loop of API client
05-Dec-22 19:17:10: root - INFO - [API]: Breakin API client while loop
05-Dec-22 19:17:10: root - INFO - [API]: -----------  API client is COMPLETED ----------- 
05-Dec-22 19:17:16: root - INFO - [BLE]: Sending stop command to device
05-Dec-22 19:17:17: root - INFO - [BLE]: Sending disconnect command to device
05-Dec-22 19:17:20: root - INFO - [BLE]: Callback function recognised a disconnection.
05-Dec-22 19:17:23: root - INFO - [BLE]: Recording successfully stopped
05-Dec-22 19:17:23: root - INFO - [BLE]: Ensuring device is disconnected
05-Dec-22 19:17:29: root - INFO - [BLE]: -----------  BLE client is COMPLETED ----------- 
05-Dec-22 19:17:29: root - INFO - [CLIENT]: -----------  All tasks are COMPLETED -----------
