05-Dec-22 19:20:37: root - INFO - MEASUREMENT EEG ID: beffd56c-c915-48f5-930d-4c1feee0fcc4
05-Dec-22 19:20:37: root - INFO - COMMAND ID: beffd56c-c915-48f5-930d-4c1feee0fcca
05-Dec-22 19:20:37: root - INFO - START CMD: M
05-Dec-22 19:20:37: root - INFO - STOP CMD: S
05-Dec-22 19:20:42: root - INFO - [BLE]: One IGEB device found, assinging address 12583D13-4DC9-C518-0885-A207A59B6693
05-Dec-22 19:20:42: root - INFO - [BLE]: Address is 12583D13-4DC9-C518-0885-A207A59B6693
05-Dec-22 19:20:42: root - INFO - [BLE]: .............................................
05-Dec-22 19:20:42: root - INFO - [BLE]: Connecting to 12583D13-4DC9-C518-0885-A207A59B6693
05-Dec-22 19:20:44: root - INFO - [CLIENT]: Start recording
05-Dec-22 19:20:44: root - INFO - Reading battery level
05-Dec-22 19:20:46: root - INFO - [BLE]: Device connected
05-Dec-22 19:20:47: root - INFO - Battery level: 94%
05-Dec-22 19:20:53: root - INFO - Disconnected from BLE device
05-Dec-22 19:20:53: root - INFO - [CLIENT]: Disconnect BLE and close websocket connection
05-Dec-22 19:20:56: root - INFO - [CLIENT]: Start recording
05-Dec-22 19:20:56: root - INFO - [BLE]: Getting impedance measurement
05-Dec-22 19:20:56: root - INFO - [BLE]: Impedance display time: 5 seconds
05-Dec-22 19:20:58: root - INFO - [BLE]: Device connected
05-Dec-22 19:20:58: root - INFO - [BLE]: Starting impedance measurement
05-Dec-22 19:20:59: root - INFO - [BLE]: Subscribed to impedance measurement
05-Dec-22 19:21:00: root - INFO - [BLE]: Sending start impedance command
05-Dec-22 19:21:01: root - INFO - [BLE]: Displaying impedance measurement
05-Dec-22 19:21:06: root - INFO - [BLE]: Stopping impedance measurement
05-Dec-22 19:21:06: root - INFO - [BLE]: Disconnecting from device
05-Dec-22 19:21:12: root - INFO - [CLIENT]: Disconnect BLE and close websocket connection
